#! /c/Source/iverilog-install/bin/vvp
:ivl_version "12.0 (devel)" "(s20150603-1110-g18392a46)";
:ivl_delay_selection "TYPICAL";
:vpi_time_precision + 0;
:vpi_module "C:\iverilog\lib\ivl\system.vpi";
:vpi_module "C:\iverilog\lib\ivl\vhdl_sys.vpi";
:vpi_module "C:\iverilog\lib\ivl\vhdl_textio.vpi";
:vpi_module "C:\iverilog\lib\ivl\v2005_math.vpi";
:vpi_module "C:\iverilog\lib\ivl\va_math.vpi";
S_000001964167b820 .scope module, "baudRateGenerator" "baudRateGenerator" 2 3;
 .timescale 0 0;
    .port_info 0 /INPUT 1 "clk";
    .port_info 1 /INPUT 1 "reset_n";
    .port_info 2 /OUTPUT 1 "o_Rx_ClkTick";
    .port_info 3 /OUTPUT 1 "o_Tx_ClkTick";
P_000001964167b9b0 .param/l "BAUD_RATE" 0 2 5, +C4<00000000000000000010010110000000>;
P_000001964167b9e8 .param/l "CLOCK_RATE" 0 2 4, +C4<00000010111110101111000010000000>;
P_000001964167ba20 .param/l "RX_CNT" 1 2 16, +C4<000000000000000000000000000000000000000000000000000000000000000000000000000000000000000010100010>;
P_000001964167ba58 .param/l "RX_CNT_WIDTH" 1 2 19, +C4<00000000000000000000000000001000>;
P_000001964167ba90 .param/l "RX_OVERSAMPLE" 0 2 6, +C4<00000000000000000000000000010000>;
P_000001964167bac8 .param/l "TX_CNT" 1 2 15, +C4<0000000000000000000000000000000000000000000000000000101000101100>;
P_000001964167bb00 .param/l "TX_CNT_WIDTH" 1 2 18, +C4<00000000000000000000000000001100>;
o00000196416caf78 .functor BUFZ 1, C4<z>; HiZ drive
v0000019641693520_0 .net "clk", 0 0, o00000196416caf78;  0 drivers
v0000019641693380_0 .var "o_Rx_ClkTick", 0 0;
v00000196416ca6f0_0 .var "o_Tx_ClkTick", 0 0;
v000001964167bb40_0 .var "r_Rx_Counter", 7 0;
v00000196416ca3c0_0 .var "r_Tx_Counter", 11 0;
o00000196416cb068 .functor BUFZ 1, C4<z>; HiZ drive
v0000019641692ce0_0 .net "reset_n", 0 0, o00000196416cb068;  0 drivers
E_00000196416c7720/0 .event negedge, v0000019641692ce0_0;
E_00000196416c7720/1 .event posedge, v0000019641693520_0;
E_00000196416c7720 .event/or E_00000196416c7720/0, E_00000196416c7720/1;
    .scope S_000001964167b820;
T_0 ;
    %pushi/vec4 0, 0, 12;
    %store/vec4 v00000196416ca3c0_0, 0, 12;
    %pushi/vec4 0, 0, 8;
    %store/vec4 v000001964167bb40_0, 0, 8;
    %end;
    .thread T_0;
    .scope S_000001964167b820;
T_1 ;
    %wait E_00000196416c7720;
    %load/vec4 v0000019641692ce0_0;
    %nor/r;
    %flag_set/vec4 8;
    %jmp/0xz  T_1.0, 8;
    %pushi/vec4 0, 0, 1;
    %assign/vec4 v00000196416ca6f0_0, 0;
    %pushi/vec4 0, 0, 12;
    %assign/vec4 v00000196416ca3c0_0, 0;
    %jmp T_1.1;
T_1.0 ;
    %load/vec4 v00000196416ca3c0_0;
    %pad/u 64;
    %cmpi/e 2603, 0, 64;
    %jmp/0xz  T_1.2, 4;
    %load/vec4 v00000196416ca6f0_0;
    %inv;
    %assign/vec4 v00000196416ca6f0_0, 0;
    %pushi/vec4 0, 0, 12;
    %assign/vec4 v00000196416ca3c0_0, 0;
    %jmp T_1.3;
T_1.2 ;
    %load/vec4 v00000196416ca3c0_0;
    %addi 1, 0, 12;
    %assign/vec4 v00000196416ca3c0_0, 0;
T_1.3 ;
T_1.1 ;
    %jmp T_1;
    .thread T_1;
    .scope S_000001964167b820;
T_2 ;
    %wait E_00000196416c7720;
    %load/vec4 v0000019641692ce0_0;
    %nor/r;
    %flag_set/vec4 8;
    %jmp/0xz  T_2.0, 8;
    %pushi/vec4 0, 0, 1;
    %assign/vec4 v0000019641693380_0, 0;
    %pushi/vec4 0, 0, 8;
    %assign/vec4 v000001964167bb40_0, 0;
    %jmp T_2.1;
T_2.0 ;
    %load/vec4 v000001964167bb40_0;
    %pad/u 96;
    %cmpi/e 161, 0, 96;
    %jmp/0xz  T_2.2, 4;
    %load/vec4 v0000019641693380_0;
    %inv;
    %assign/vec4 v0000019641693380_0, 0;
    %pushi/vec4 0, 0, 8;
    %assign/vec4 v000001964167bb40_0, 0;
    %jmp T_2.3;
T_2.2 ;
    %load/vec4 v000001964167bb40_0;
    %addi 1, 0, 8;
    %assign/vec4 v000001964167bb40_0, 0;
T_2.3 ;
T_2.1 ;
    %jmp T_2;
    .thread T_2;
# The file index is used to find the file name in the following table.
:file_names 3;
    "N/A";
    "<interactive>";
    "baudRateGenerator.v";
