#! /c/Source/iverilog-install/bin/vvp
:ivl_version "12.0 (devel)" "(s20150603-1110-g18392a46)";
:ivl_delay_selection "TYPICAL";
:vpi_time_precision - 12;
:vpi_module "C:\iverilog\lib\ivl\system.vpi";
:vpi_module "C:\iverilog\lib\ivl\vhdl_sys.vpi";
:vpi_module "C:\iverilog\lib\ivl\vhdl_textio.vpi";
:vpi_module "C:\iverilog\lib\ivl\v2005_math.vpi";
:vpi_module "C:\iverilog\lib\ivl\va_math.vpi";
S_000001cb676c72e0 .scope module, "UART_TB" "UART_TB" 2 4;
 .timescale -9 -12;
v000001cb677189f0_0 .var "clk", 0 0;
v000001cb67719d50_0 .var/i "i", 31 0;
v000001cb67719990 .array "received_data", 7 0, 7 0;
v000001cb67718a90_0 .var "reset_n", 0 0;
v000001cb67719a30_0 .net "rx_byte", 7 0, L_000001cb67718630;  1 drivers
v000001cb677186d0_0 .net "rx_done", 0 0, L_000001cb676b2900;  1 drivers
v000001cb67719fd0 .array "test_data", 7 0, 7 0;
v000001cb67719210_0 .var "tx_byte", 7 0;
v000001cb677190d0_0 .net "tx_data", 0 0, L_000001cb676b3000;  1 drivers
v000001cb67719350_0 .var "tx_ready", 0 0;
E_000001cb676c3c20 .event anyedge, v000001cb676c5800_0;
E_000001cb676c3ce0 .event posedge, v000001cb676c5080_0;
S_000001cb67694d80 .scope module, "uart_inst" "uart_controller" 2 21, 3 5 0, S_000001cb676c72e0;
 .timescale -9 -12;
    .port_info 0 /INPUT 1 "clk";
    .port_info 1 /INPUT 1 "reset_n";
    .port_info 2 /INPUT 8 "i_Tx_Byte";
    .port_info 3 /INPUT 1 "i_Tx_Ready";
    .port_info 4 /OUTPUT 1 "o_Rx_Done";
    .port_info 5 /OUTPUT 8 "o_Rx_Byte";
    .port_info 6 /OUTPUT 1 "o_Tx_Data";
P_000001cb6768d690 .param/l "BAUD_RATE" 0 3 6, +C4<00000000000000000010010110000000>;
P_000001cb6768d6c8 .param/l "CLOCK_RATE" 0 3 5, +C4<00000001011111010111100001000000>;
P_000001cb6768d700 .param/l "RX_OVERSAMPLE" 0 3 7, +C4<00000000000000000000000000010000>;
L_000001cb676b3000 .functor BUFZ 1, v000001cb6771a070_0, C4<0>, C4<0>, C4<0>;
v000001cb677183b0_0 .net "clk", 0 0, v000001cb677189f0_0;  1 drivers
v000001cb67719850_0 .net "i_Tx_Byte", 7 0, v000001cb67719210_0;  1 drivers
v000001cb67718270_0 .net "i_Tx_Ready", 0 0, v000001cb67719350_0;  1 drivers
v000001cb67719df0_0 .net "o_Rx_Byte", 7 0, L_000001cb67718630;  alias, 1 drivers
v000001cb67718810_0 .net "o_Rx_Done", 0 0, L_000001cb676b2900;  alias, 1 drivers
v000001cb67718950_0 .net "o_Tx_Data", 0 0, L_000001cb676b3000;  alias, 1 drivers
v000001cb67719710_0 .net "reset_n", 0 0, v000001cb67718a90_0;  1 drivers
v000001cb677192b0_0 .net "w_Rx_ClkTick", 0 0, v000001cb676c5300_0;  1 drivers
v000001cb6771a110_0 .net "w_Tx_ClkTick", 0 0, v000001cb676c56c0_0;  1 drivers
v000001cb67719cb0_0 .net "w_Tx_Data", 0 0, v000001cb6771a070_0;  1 drivers
S_000001cb67694f10 .scope module, "baud_gen_inst" "baudRateGenerator" 3 32, 4 3 0, S_000001cb67694d80;
 .timescale -9 -12;
    .port_info 0 /INPUT 1 "clk";
    .port_info 1 /INPUT 1 "reset_n";
    .port_info 2 /OUTPUT 1 "o_Rx_ClkTick";
    .port_info 3 /OUTPUT 1 "o_Tx_ClkTick";
P_000001cb676950a0 .param/l "BAUD_RATE" 0 4 5, +C4<00000000000000000010010110000000>;
P_000001cb676950d8 .param/l "CLOCK_RATE" 0 4 4, +C4<00000001011111010111100001000000>;
P_000001cb67695110 .param/l "RX_CNT" 1 4 16, +C4<000000000000000000000000000000000000000000000000000000000000000000000000000000000000000001010001>;
P_000001cb67695148 .param/l "RX_CNT_WIDTH" 1 4 19, +C4<00000000000000000000000000000111>;
P_000001cb67695180 .param/l "RX_OVERSAMPLE" 0 4 6, +C4<00000000000000000000000000010000>;
P_000001cb676951b8 .param/l "TX_CNT" 1 4 15, +C4<0000000000000000000000000000000000000000000000000000010100010110>;
P_000001cb676951f0 .param/l "TX_CNT_WIDTH" 1 4 18, +C4<00000000000000000000000000001011>;
v000001cb676c5080_0 .net "clk", 0 0, v000001cb677189f0_0;  alias, 1 drivers
v000001cb676c5300_0 .var "o_Rx_ClkTick", 0 0;
v000001cb676c56c0_0 .var "o_Tx_ClkTick", 0 0;
v000001cb676c4fe0_0 .var "r_Rx_Counter", 6 0;
v000001cb676c5da0_0 .var "r_Tx_Counter", 10 0;
v000001cb676c5260_0 .net "reset_n", 0 0, v000001cb67718a90_0;  alias, 1 drivers
E_000001cb676c32a0/0 .event negedge, v000001cb676c5260_0;
E_000001cb676c32a0/1 .event posedge, v000001cb676c5080_0;
E_000001cb676c32a0 .event/or E_000001cb676c32a0/0, E_000001cb676c32a0/1;
S_000001cb676a4c30 .scope module, "uart_rx_inst" "uart_rx_controller" 3 53, 5 15 0, S_000001cb67694d80;
 .timescale -9 -12;
    .port_info 0 /INPUT 1 "clk";
    .port_info 1 /INPUT 1 "reset_n";
    .port_info 2 /INPUT 1 "i_Rx_Data";
    .port_info 3 /OUTPUT 1 "o_Rx_Done";
    .port_info 4 /OUTPUT 8 "o_Rx_Byte";
P_000001cb6768b800 .param/l "RX_OVERSAMPLE" 0 5 15, +C4<00000000000000000000000000010000>;
P_000001cb6768b838 .param/l "UART_RX_DATA" 1 5 26, C4<010>;
P_000001cb6768b870 .param/l "UART_RX_IDLE" 1 5 24, C4<000>;
P_000001cb6768b8a8 .param/l "UART_RX_START" 1 5 25, C4<001>;
P_000001cb6768b8e0 .param/l "UART_RX_STOP" 1 5 27, C4<011>;
L_000001cb676b2900 .functor BUFZ 1, v000001cb676c59e0_0, C4<0>, C4<0>, C4<0>;
L_000001cb67750088 .functor BUFT 1, C4<00000000>, C4<0>, C4<0>, C4<0>;
v000001cb676c5440_0 .net/2u *"_ivl_2", 7 0, L_000001cb67750088;  1 drivers
v000001cb676c5ee0_0 .net "clk", 0 0, v000001cb676c5300_0;  alias, 1 drivers
v000001cb676c5940_0 .net "i_Rx_Data", 0 0, v000001cb6771a070_0;  alias, 1 drivers
v000001cb676c5760_0 .net "o_Rx_Byte", 7 0, L_000001cb67718630;  alias, 1 drivers
v000001cb676c5800_0 .net "o_Rx_Done", 0 0, L_000001cb676b2900;  alias, 1 drivers
v000001cb676c5580_0 .var "r_Bit_Index", 2 0;
v000001cb676c5620_0 .var "r_Clk_Count", 4 0;
v000001cb676c58a0_0 .var "r_Rx_Data", 7 0;
v000001cb676c59e0_0 .var "r_Rx_Done", 0 0;
v000001cb676c5a80_0 .var "r_State", 2 0;
v000001cb676c5b20_0 .net "reset_n", 0 0, v000001cb67718a90_0;  alias, 1 drivers
E_000001cb676c3860/0 .event negedge, v000001cb676c5260_0;
E_000001cb676c3860/1 .event posedge, v000001cb676c5300_0;
E_000001cb676c3860 .event/or E_000001cb676c3860/0, E_000001cb676c3860/1;
L_000001cb67718630 .functor MUXZ 8, L_000001cb67750088, v000001cb676c58a0_0, v000001cb676c59e0_0, C4<>;
S_000001cb676a4dc0 .scope module, "uart_tx_inst" "uart_tx_controller" 3 40, 6 18 0, S_000001cb67694d80;
 .timescale -9 -12;
    .port_info 0 /INPUT 1 "clk";
    .port_info 1 /INPUT 1 "reset_n";
    .port_info 2 /INPUT 8 "i_Tx_Byte";
    .port_info 3 /INPUT 1 "i_Tx_Ready";
    .port_info 4 /OUTPUT 1 "o_Tx_Done";
    .port_info 5 /OUTPUT 1 "o_Tx_Active";
    .port_info 6 /OUTPUT 1 "o_Tx_Data";
P_000001cb67685460 .param/l "UART_TX_DATA" 1 6 31, C4<010>;
P_000001cb67685498 .param/l "UART_TX_IDLE" 1 6 29, C4<000>;
P_000001cb676854d0 .param/l "UART_TX_START" 1 6 30, C4<001>;
P_000001cb67685508 .param/l "UART_TX_STOP" 1 6 32, C4<011>;
L_000001cb676b2dd0 .functor BUFZ 1, v000001cb677198f0_0, C4<0>, C4<0>, C4<0>;
L_000001cb676b2f90 .functor BUFZ 1, v000001cb67719170_0, C4<0>, C4<0>, C4<0>;
v000001cb676c5120_0 .net "clk", 0 0, v000001cb676c56c0_0;  alias, 1 drivers
v000001cb676c5bc0_0 .net "i_Tx_Byte", 7 0, v000001cb67719210_0;  alias, 1 drivers
v000001cb676c5c60_0 .net "i_Tx_Ready", 0 0, v000001cb67719350_0;  alias, 1 drivers
v000001cb676c51c0_0 .net "o_Tx_Active", 0 0, L_000001cb676b2f90;  1 drivers
v000001cb676c5d00_0 .net "o_Tx_Data", 0 0, v000001cb6771a070_0;  alias, 1 drivers
v000001cb676c5e40_0 .net "o_Tx_Done", 0 0, L_000001cb676b2dd0;  1 drivers
v000001cb67718d10_0 .var "r_Bit_Index", 2 0;
v000001cb67718f90_0 .var "r_State", 2 0;
v000001cb67719170_0 .var "r_Tx_Active", 0 0;
v000001cb6771a070_0 .var "r_Tx_Data", 0 0;
v000001cb677198f0_0 .var "r_Tx_Done", 0 0;
v000001cb67719c10_0 .net "reset_n", 0 0, v000001cb67718a90_0;  alias, 1 drivers
E_000001cb676c3320/0 .event negedge, v000001cb676c5260_0;
E_000001cb676c3320/1 .event posedge, v000001cb676c56c0_0;
E_000001cb676c3320 .event/or E_000001cb676c3320/0, E_000001cb676c3320/1;
    .scope S_000001cb67694f10;
T_0 ;
    %pushi/vec4 0, 0, 11;
    %store/vec4 v000001cb676c5da0_0, 0, 11;
    %pushi/vec4 0, 0, 7;
    %store/vec4 v000001cb676c4fe0_0, 0, 7;
    %end;
    .thread T_0;
    .scope S_000001cb67694f10;
T_1 ;
    %wait E_000001cb676c32a0;
    %load/vec4 v000001cb676c5260_0;
    %nor/r;
    %flag_set/vec4 8;
    %jmp/0xz  T_1.0, 8;
    %pushi/vec4 0, 0, 1;
    %assign/vec4 v000001cb676c56c0_0, 0;
    %pushi/vec4 0, 0, 11;
    %assign/vec4 v000001cb676c5da0_0, 0;
    %jmp T_1.1;
T_1.0 ;
    %load/vec4 v000001cb676c5da0_0;
    %pad/u 64;
    %cmpi/e 1301, 0, 64;
    %jmp/0xz  T_1.2, 4;
    %load/vec4 v000001cb676c56c0_0;
    %inv;
    %assign/vec4 v000001cb676c56c0_0, 0;
    %pushi/vec4 0, 0, 11;
    %assign/vec4 v000001cb676c5da0_0, 0;
    %jmp T_1.3;
T_1.2 ;
    %load/vec4 v000001cb676c5da0_0;
    %addi 1, 0, 11;
    %assign/vec4 v000001cb676c5da0_0, 0;
T_1.3 ;
T_1.1 ;
    %jmp T_1;
    .thread T_1;
    .scope S_000001cb67694f10;
T_2 ;
    %wait E_000001cb676c32a0;
    %load/vec4 v000001cb676c5260_0;
    %nor/r;
    %flag_set/vec4 8;
    %jmp/0xz  T_2.0, 8;
    %pushi/vec4 0, 0, 1;
    %assign/vec4 v000001cb676c5300_0, 0;
    %pushi/vec4 0, 0, 7;
    %assign/vec4 v000001cb676c4fe0_0, 0;
    %jmp T_2.1;
T_2.0 ;
    %load/vec4 v000001cb676c4fe0_0;
    %pad/u 96;
    %cmpi/e 80, 0, 96;
    %jmp/0xz  T_2.2, 4;
    %load/vec4 v000001cb676c5300_0;
    %inv;
    %assign/vec4 v000001cb676c5300_0, 0;
    %pushi/vec4 0, 0, 7;
    %assign/vec4 v000001cb676c4fe0_0, 0;
    %jmp T_2.3;
T_2.2 ;
    %load/vec4 v000001cb676c4fe0_0;
    %addi 1, 0, 7;
    %assign/vec4 v000001cb676c4fe0_0, 0;
T_2.3 ;
T_2.1 ;
    %jmp T_2;
    .thread T_2;
    .scope S_000001cb676a4dc0;
T_3 ;
    %pushi/vec4 0, 0, 3;
    %store/vec4 v000001cb67718f90_0, 0, 3;
    %pushi/vec4 0, 0, 3;
    %store/vec4 v000001cb67718d10_0, 0, 3;
    %pushi/vec4 1, 0, 1;
    %store/vec4 v000001cb6771a070_0, 0, 1;
    %pushi/vec4 0, 0, 1;
    %store/vec4 v000001cb677198f0_0, 0, 1;
    %pushi/vec4 0, 0, 1;
    %store/vec4 v000001cb67719170_0, 0, 1;
    %end;
    .thread T_3;
    .scope S_000001cb676a4dc0;
T_4 ;
    %wait E_000001cb676c3320;
    %load/vec4 v000001cb67719c10_0;
    %nor/r;
    %flag_set/vec4 8;
    %jmp/0xz  T_4.0, 8;
    %pushi/vec4 0, 0, 3;
    %assign/vec4 v000001cb67718f90_0, 0;
    %pushi/vec4 0, 0, 3;
    %assign/vec4 v000001cb67718d10_0, 0;
    %pushi/vec4 1, 0, 1;
    %assign/vec4 v000001cb6771a070_0, 0;
    %pushi/vec4 0, 0, 1;
    %assign/vec4 v000001cb677198f0_0, 0;
    %pushi/vec4 0, 0, 1;
    %assign/vec4 v000001cb67719170_0, 0;
    %jmp T_4.1;
T_4.0 ;
    %load/vec4 v000001cb67718f90_0;
    %dup/vec4;
    %pushi/vec4 0, 0, 3;
    %cmp/u;
    %jmp/1 T_4.2, 6;
    %dup/vec4;
    %pushi/vec4 1, 0, 3;
    %cmp/u;
    %jmp/1 T_4.3, 6;
    %dup/vec4;
    %pushi/vec4 2, 0, 3;
    %cmp/u;
    %jmp/1 T_4.4, 6;
    %dup/vec4;
    %pushi/vec4 3, 0, 3;
    %cmp/u;
    %jmp/1 T_4.5, 6;
    %pushi/vec4 0, 0, 3;
    %assign/vec4 v000001cb67718f90_0, 0;
    %jmp T_4.7;
T_4.2 ;
    %pushi/vec4 0, 0, 1;
    %assign/vec4 v000001cb677198f0_0, 0;
    %pushi/vec4 1, 0, 1;
    %assign/vec4 v000001cb6771a070_0, 0;
    %pushi/vec4 0, 0, 3;
    %assign/vec4 v000001cb67718d10_0, 0;
    %pushi/vec4 0, 0, 1;
    %assign/vec4 v000001cb67719170_0, 0;
    %load/vec4 v000001cb676c5c60_0;
    %flag_set/vec4 8;
    %jmp/0xz  T_4.8, 8;
    %pushi/vec4 1, 0, 3;
    %assign/vec4 v000001cb67718f90_0, 0;
    %pushi/vec4 1, 0, 1;
    %assign/vec4 v000001cb67719170_0, 0;
T_4.8 ;
    %jmp T_4.7;
T_4.3 ;
    %pushi/vec4 0, 0, 1;
    %assign/vec4 v000001cb6771a070_0, 0;
    %pushi/vec4 2, 0, 3;
    %assign/vec4 v000001cb67718f90_0, 0;
    %jmp T_4.7;
T_4.4 ;
    %load/vec4 v000001cb676c5bc0_0;
    %load/vec4 v000001cb67718d10_0;
    %part/u 1;
    %assign/vec4 v000001cb6771a070_0, 0;
    %load/vec4 v000001cb67718d10_0;
    %pad/u 32;
    %cmpi/u 7, 0, 32;
    %jmp/0xz  T_4.10, 5;
    %load/vec4 v000001cb67718d10_0;
    %addi 1, 0, 3;
    %assign/vec4 v000001cb67718d10_0, 0;
    %jmp T_4.11;
T_4.10 ;
    %pushi/vec4 0, 0, 3;
    %assign/vec4 v000001cb67718d10_0, 0;
    %pushi/vec4 3, 0, 3;
    %assign/vec4 v000001cb67718f90_0, 0;
T_4.11 ;
    %jmp T_4.7;
T_4.5 ;
    %pushi/vec4 1, 0, 1;
    %assign/vec4 v000001cb6771a070_0, 0;
    %pushi/vec4 1, 0, 1;
    %assign/vec4 v000001cb677198f0_0, 0;
    %pushi/vec4 0, 0, 1;
    %assign/vec4 v000001cb67719170_0, 0;
    %pushi/vec4 0, 0, 3;
    %assign/vec4 v000001cb67718f90_0, 0;
    %jmp T_4.7;
T_4.7 ;
    %pop/vec4 1;
T_4.1 ;
    %jmp T_4;
    .thread T_4;
    .scope S_000001cb676a4c30;
T_5 ;
    %pushi/vec4 0, 0, 8;
    %store/vec4 v000001cb676c58a0_0, 0, 8;
    %pushi/vec4 0, 0, 3;
    %store/vec4 v000001cb676c5580_0, 0, 3;
    %pushi/vec4 0, 0, 5;
    %store/vec4 v000001cb676c5620_0, 0, 5;
    %pushi/vec4 0, 0, 1;
    %store/vec4 v000001cb676c59e0_0, 0, 1;
    %pushi/vec4 0, 0, 3;
    %store/vec4 v000001cb676c5a80_0, 0, 3;
    %end;
    .thread T_5;
    .scope S_000001cb676a4c30;
T_6 ;
    %wait E_000001cb676c3860;
    %load/vec4 v000001cb676c5b20_0;
    %nor/r;
    %flag_set/vec4 8;
    %jmp/0xz  T_6.0, 8;
    %pushi/vec4 0, 0, 3;
    %assign/vec4 v000001cb676c5a80_0, 0;
    %pushi/vec4 0, 0, 3;
    %assign/vec4 v000001cb676c5580_0, 0;
    %pushi/vec4 0, 0, 5;
    %assign/vec4 v000001cb676c5620_0, 0;
    %pushi/vec4 0, 0, 1;
    %assign/vec4 v000001cb676c59e0_0, 0;
    %pushi/vec4 0, 0, 8;
    %assign/vec4 v000001cb676c58a0_0, 0;
    %jmp T_6.1;
T_6.0 ;
    %load/vec4 v000001cb676c5a80_0;
    %dup/vec4;
    %pushi/vec4 0, 0, 3;
    %cmp/u;
    %jmp/1 T_6.2, 6;
    %dup/vec4;
    %pushi/vec4 1, 0, 3;
    %cmp/u;
    %jmp/1 T_6.3, 6;
    %dup/vec4;
    %pushi/vec4 2, 0, 3;
    %cmp/u;
    %jmp/1 T_6.4, 6;
    %dup/vec4;
    %pushi/vec4 3, 0, 3;
    %cmp/u;
    %jmp/1 T_6.5, 6;
    %pushi/vec4 0, 0, 3;
    %assign/vec4 v000001cb676c5a80_0, 0;
    %jmp T_6.7;
T_6.2 ;
    %pushi/vec4 0, 0, 1;
    %assign/vec4 v000001cb676c59e0_0, 0;
    %pushi/vec4 0, 0, 5;
    %assign/vec4 v000001cb676c5620_0, 0;
    %pushi/vec4 0, 0, 3;
    %assign/vec4 v000001cb676c5580_0, 0;
    %load/vec4 v000001cb676c5940_0;
    %cmpi/e 0, 0, 1;
    %jmp/0xz  T_6.8, 4;
    %pushi/vec4 1, 0, 3;
    %assign/vec4 v000001cb676c5a80_0, 0;
T_6.8 ;
    %jmp T_6.7;
T_6.3 ;
    %load/vec4 v000001cb676c5620_0;
    %pad/u 32;
    %cmpi/e 8, 0, 32;
    %jmp/0xz  T_6.10, 4;
    %load/vec4 v000001cb676c5940_0;
    %cmpi/e 0, 0, 1;
    %jmp/0xz  T_6.12, 4;
    %pushi/vec4 0, 0, 5;
    %assign/vec4 v000001cb676c5620_0, 0;
    %pushi/vec4 2, 0, 3;
    %assign/vec4 v000001cb676c5a80_0, 0;
    %jmp T_6.13;
T_6.12 ;
    %pushi/vec4 0, 0, 3;
    %assign/vec4 v000001cb676c5a80_0, 0;
T_6.13 ;
    %jmp T_6.11;
T_6.10 ;
    %load/vec4 v000001cb676c5620_0;
    %addi 1, 0, 5;
    %assign/vec4 v000001cb676c5620_0, 0;
T_6.11 ;
    %jmp T_6.7;
T_6.4 ;
    %load/vec4 v000001cb676c5620_0;
    %pad/u 32;
    %cmpi/u 15, 0, 32;
    %jmp/0xz  T_6.14, 5;
    %load/vec4 v000001cb676c5620_0;
    %addi 1, 0, 5;
    %assign/vec4 v000001cb676c5620_0, 0;
    %jmp T_6.15;
T_6.14 ;
    %pushi/vec4 0, 0, 5;
    %assign/vec4 v000001cb676c5620_0, 0;
    %load/vec4 v000001cb676c5940_0;
    %ix/load 5, 0, 0;
    %ix/getv 4, v000001cb676c5580_0;
    %assign/vec4/off/d v000001cb676c58a0_0, 4, 5;
    %load/vec4 v000001cb676c5580_0;
    %pad/u 32;
    %cmpi/u 7, 0, 32;
    %jmp/0xz  T_6.16, 5;
    %load/vec4 v000001cb676c5580_0;
    %addi 1, 0, 3;
    %assign/vec4 v000001cb676c5580_0, 0;
    %pushi/vec4 2, 0, 3;
    %assign/vec4 v000001cb676c5a80_0, 0;
    %jmp T_6.17;
T_6.16 ;
    %pushi/vec4 0, 0, 3;
    %assign/vec4 v000001cb676c5580_0, 0;
    %pushi/vec4 3, 0, 3;
    %assign/vec4 v000001cb676c5a80_0, 0;
T_6.17 ;
T_6.15 ;
    %jmp T_6.7;
T_6.5 ;
    %load/vec4 v000001cb676c5620_0;
    %pad/u 32;
    %cmpi/u 15, 0, 32;
    %jmp/0xz  T_6.18, 5;
    %load/vec4 v000001cb676c5620_0;
    %addi 1, 0, 5;
    %assign/vec4 v000001cb676c5620_0, 0;
    %jmp T_6.19;
T_6.18 ;
    %pushi/vec4 0, 0, 3;
    %assign/vec4 v000001cb676c5a80_0, 0;
    %pushi/vec4 0, 0, 5;
    %assign/vec4 v000001cb676c5620_0, 0;
    %pushi/vec4 1, 0, 1;
    %assign/vec4 v000001cb676c59e0_0, 0;
T_6.19 ;
    %jmp T_6.7;
T_6.7 ;
    %pop/vec4 1;
T_6.1 ;
    %jmp T_6;
    .thread T_6;
    .scope S_000001cb676c72e0;
T_7 ;
    %pushi/vec4 0, 0, 1;
    %store/vec4 v000001cb677189f0_0, 0, 1;
    %pushi/vec4 0, 0, 1;
    %store/vec4 v000001cb67718a90_0, 0, 1;
    %pushi/vec4 0, 0, 8;
    %store/vec4 v000001cb67719210_0, 0, 8;
    %pushi/vec4 0, 0, 1;
    %store/vec4 v000001cb67719350_0, 0, 1;
    %end;
    .thread T_7;
    .scope S_000001cb676c72e0;
T_8 ;
    %delay 20000, 0;
    %load/vec4 v000001cb677189f0_0;
    %inv;
    %store/vec4 v000001cb677189f0_0, 0, 1;
    %jmp T_8;
    .thread T_8;
    .scope S_000001cb676c72e0;
T_9 ;
    %pushi/vec4 85, 0, 8;
    %ix/load 4, 0, 0;
    %flag_set/imm 4, 0;
    %store/vec4a v000001cb67719fd0, 4, 0;
    %pushi/vec4 170, 0, 8;
    %ix/load 4, 1, 0;
    %flag_set/imm 4, 0;
    %store/vec4a v000001cb67719fd0, 4, 0;
    %pushi/vec4 15, 0, 8;
    %ix/load 4, 2, 0;
    %flag_set/imm 4, 0;
    %store/vec4a v000001cb67719fd0, 4, 0;
    %pushi/vec4 240, 0, 8;
    %ix/load 4, 3, 0;
    %flag_set/imm 4, 0;
    %store/vec4a v000001cb67719fd0, 4, 0;
    %pushi/vec4 51, 0, 8;
    %ix/load 4, 4, 0;
    %flag_set/imm 4, 0;
    %store/vec4a v000001cb67719fd0, 4, 0;
    %pushi/vec4 204, 0, 8;
    %ix/load 4, 5, 0;
    %flag_set/imm 4, 0;
    %store/vec4a v000001cb67719fd0, 4, 0;
    %pushi/vec4 153, 0, 8;
    %ix/load 4, 6, 0;
    %flag_set/imm 4, 0;
    %store/vec4a v000001cb67719fd0, 4, 0;
    %pushi/vec4 102, 0, 8;
    %ix/load 4, 7, 0;
    %flag_set/imm 4, 0;
    %store/vec4a v000001cb67719fd0, 4, 0;
    %pushi/vec4 0, 0, 1;
    %store/vec4 v000001cb67718a90_0, 0, 1;
    %pushi/vec4 0, 0, 1;
    %store/vec4 v000001cb67719350_0, 0, 1;
    %delay 100000, 0;
    %pushi/vec4 1, 0, 1;
    %store/vec4 v000001cb67718a90_0, 0, 1;
    %delay 1000000, 0;
    %pushi/vec4 0, 0, 32;
    %store/vec4 v000001cb67719d50_0, 0, 32;
T_9.0 ;
    %load/vec4 v000001cb67719d50_0;
    %cmpi/s 8, 0, 32;
    %jmp/0xz T_9.1, 5;
    %wait E_000001cb676c3ce0;
    %ix/getv/s 4, v000001cb67719d50_0;
    %load/vec4a v000001cb67719fd0, 4;
    %store/vec4 v000001cb67719210_0, 0, 8;
    %pushi/vec4 1, 0, 1;
    %store/vec4 v000001cb67719350_0, 0, 1;
    %wait E_000001cb676c3ce0;
    %pushi/vec4 0, 0, 1;
    %store/vec4 v000001cb67719350_0, 0, 1;
T_9.2 ;
    %load/vec4 v000001cb677186d0_0;
    %pad/u 32;
    %pushi/vec4 1, 0, 32;
    %cmp/e;
    %flag_get/vec4 4;
    %cmpi/ne 1, 0, 1;
    %jmp/0xz T_9.3, 6;
    %wait E_000001cb676c3c20;
    %jmp T_9.2;
T_9.3 ;
    %load/vec4 v000001cb67719a30_0;
    %ix/getv/s 4, v000001cb67719d50_0;
    %store/vec4a v000001cb67719990, 4, 0;
    %ix/getv/s 4, v000001cb67719d50_0;
    %load/vec4a v000001cb67719990, 4;
    %ix/getv/s 4, v000001cb67719d50_0;
    %load/vec4a v000001cb67719fd0, 4;
    %cmp/e;
    %jmp/0xz  T_9.4, 4;
    %vpi_call 2 74 "$display", "Test Passed for byte %0d: Sent %h, Received %h", v000001cb67719d50_0, &A<v000001cb67719fd0, v000001cb67719d50_0 >, &A<v000001cb67719990, v000001cb67719d50_0 > {0 0 0};
    %jmp T_9.5;
T_9.4 ;
    %vpi_call 2 76 "$display", "Test FAILED for byte %0d: Sent %h, Received %h", v000001cb67719d50_0, &A<v000001cb67719fd0, v000001cb67719d50_0 >, &A<v000001cb67719990, v000001cb67719d50_0 > {0 0 0};
T_9.5 ;
    %delay 10000000, 0;
    %load/vec4 v000001cb67719d50_0;
    %addi 1, 0, 32;
    %store/vec4 v000001cb67719d50_0, 0, 32;
    %jmp T_9.0;
T_9.1 ;
    %vpi_call 2 83 "$display", "UART Testbench completed." {0 0 0};
    %vpi_call 2 84 "$finish" {0 0 0};
    %end;
    .thread T_9;
# The file index is used to find the file name in the following table.
:file_names 7;
    "N/A";
    "<interactive>";
    "UART_TB.v";
    "./uart_controller.v";
    "./baudRateGenerator.v";
    "./uart_rx_controller.v";
    "./uart_tx_controller.v";
