#! /c/Source/iverilog-install/bin/vvp
:ivl_version "12.0 (devel)" "(s20150603-1110-g18392a46)";
:ivl_delay_selection "TYPICAL";
:vpi_time_precision + 0;
:vpi_module "C:\iverilog\lib\ivl\system.vpi";
:vpi_module "C:\iverilog\lib\ivl\vhdl_sys.vpi";
:vpi_module "C:\iverilog\lib\ivl\vhdl_textio.vpi";
:vpi_module "C:\iverilog\lib\ivl\v2005_math.vpi";
:vpi_module "C:\iverilog\lib\ivl\va_math.vpi";
S_0000026d2d8f9630 .scope module, "uart_controller" "uart_controller" 2 5;
 .timescale 0 0;
    .port_info 0 /INPUT 1 "clk";
    .port_info 1 /INPUT 1 "reset_n";
    .port_info 2 /INPUT 8 "i_Tx_Byte";
    .port_info 3 /INPUT 1 "i_Tx_Ready";
    .port_info 4 /OUTPUT 1 "o_Rx_Done";
    .port_info 5 /OUTPUT 8 "o_Rx_Byte";
    .port_info 6 /OUTPUT 1 "o_Tx_Data";
P_0000026d2d8ec270 .param/l "BAUD_RATE" 0 2 6, +C4<00000000000000000010010110000000>;
P_0000026d2d8ec2a8 .param/l "CLOCK_RATE" 0 2 5, +C4<00000001011111010111100001000000>;
P_0000026d2d8ec2e0 .param/l "RX_OVERSAMPLE" 0 2 7, +C4<00000000000000000000000000010000>;
L_0000026d2d912dd0 .functor BUFZ 1, v0000026d2d96a150_0, C4<0>, C4<0>, C4<0>;
o0000026d2d918f68 .functor BUFZ 1, C4<z>; HiZ drive
v0000026d2d96bde0_0 .net "clk", 0 0, o0000026d2d918f68;  0 drivers
o0000026d2d9193e8 .functor BUFZ 8, C4<zzzzzzzz>; HiZ drive
v0000026d2d96cba0_0 .net "i_Tx_Byte", 7 0, o0000026d2d9193e8;  0 drivers
o0000026d2d919418 .functor BUFZ 1, C4<z>; HiZ drive
v0000026d2d96c420_0 .net "i_Tx_Ready", 0 0, o0000026d2d919418;  0 drivers
v0000026d2d96bc00_0 .net "o_Rx_Byte", 7 0, L_0000026d2d96b660;  1 drivers
v0000026d2d96bca0_0 .net "o_Rx_Done", 0 0, L_0000026d2d912ba0;  1 drivers
v0000026d2d96ce20_0 .net "o_Tx_Data", 0 0, L_0000026d2d912dd0;  1 drivers
o0000026d2d919058 .functor BUFZ 1, C4<z>; HiZ drive
v0000026d2d96ca60_0 .net "reset_n", 0 0, o0000026d2d919058;  0 drivers
v0000026d2d96c1a0_0 .net "w_Rx_ClkTick", 0 0, v0000026d2d8c3560_0;  1 drivers
v0000026d2d96b520_0 .net "w_Tx_ClkTick", 0 0, v0000026d2d8c33c0_0;  1 drivers
v0000026d2d96b5c0_0 .net "w_Tx_Data", 0 0, v0000026d2d96a150_0;  1 drivers
S_0000026d2d8f97c0 .scope module, "baud_gen_inst" "baudRateGenerator" 2 32, 3 3 0, S_0000026d2d8f9630;
 .timescale 0 0;
    .port_info 0 /INPUT 1 "clk";
    .port_info 1 /INPUT 1 "reset_n";
    .port_info 2 /OUTPUT 1 "o_Rx_ClkTick";
    .port_info 3 /OUTPUT 1 "o_Tx_ClkTick";
P_0000026d2d8f9950 .param/l "BAUD_RATE" 0 3 5, +C4<00000000000000000010010110000000>;
P_0000026d2d8f9988 .param/l "CLOCK_RATE" 0 3 4, +C4<00000001011111010111100001000000>;
P_0000026d2d8f99c0 .param/l "RX_CNT" 1 3 16, +C4<000000000000000000000000000000000000000000000000000000000000000000000000000000000000000001010001>;
P_0000026d2d8f99f8 .param/l "RX_CNT_WIDTH" 1 3 19, +C4<00000000000000000000000000000111>;
P_0000026d2d8f9a30 .param/l "RX_OVERSAMPLE" 0 3 6, +C4<00000000000000000000000000010000>;
P_0000026d2d8f9a68 .param/l "TX_CNT" 1 3 15, +C4<0000000000000000000000000000000000000000000000000000010100010110>;
P_0000026d2d8f9aa0 .param/l "TX_CNT_WIDTH" 1 3 18, +C4<00000000000000000000000000001011>;
v0000026d2d8ebee0_0 .net "clk", 0 0, o0000026d2d918f68;  alias, 0 drivers
v0000026d2d8c3560_0 .var "o_Rx_ClkTick", 0 0;
v0000026d2d8c33c0_0 .var "o_Tx_ClkTick", 0 0;
v0000026d2d96af10_0 .var "r_Rx_Counter", 6 0;
v0000026d2d96a1f0_0 .var "r_Tx_Counter", 10 0;
v0000026d2d96ac90_0 .net "reset_n", 0 0, o0000026d2d919058;  alias, 0 drivers
E_0000026d2d8ead30/0 .event negedge, v0000026d2d96ac90_0;
E_0000026d2d8ead30/1 .event posedge, v0000026d2d8ebee0_0;
E_0000026d2d8ead30 .event/or E_0000026d2d8ead30/0, E_0000026d2d8ead30/1;
S_0000026d2d911360 .scope module, "uart_rx_inst" "uart_rx_controller" 2 53, 4 15 0, S_0000026d2d8f9630;
 .timescale 0 0;
    .port_info 0 /INPUT 1 "clk";
    .port_info 1 /INPUT 1 "reset_n";
    .port_info 2 /INPUT 1 "i_Rx_Data";
    .port_info 3 /OUTPUT 1 "o_Rx_Done";
    .port_info 4 /OUTPUT 8 "o_Rx_Byte";
P_0000026d2d8e78a0 .param/l "RX_OVERSAMPLE" 0 4 15, +C4<00000000000000000000000000010000>;
P_0000026d2d8e78d8 .param/l "UART_RX_DATA" 1 4 26, C4<010>;
P_0000026d2d8e7910 .param/l "UART_RX_IDLE" 1 4 24, C4<000>;
P_0000026d2d8e7948 .param/l "UART_RX_START" 1 4 25, C4<001>;
P_0000026d2d8e7980 .param/l "UART_RX_STOP" 1 4 27, C4<011>;
L_0000026d2d912ba0 .functor BUFZ 1, v0000026d2d96a790_0, C4<0>, C4<0>, C4<0>;
L_0000026d2d9b0088 .functor BUFT 1, C4<00000000>, C4<0>, C4<0>, C4<0>;
v0000026d2d96a970_0 .net/2u *"_ivl_2", 7 0, L_0000026d2d9b0088;  1 drivers
v0000026d2d96aa10_0 .net "clk", 0 0, v0000026d2d8c3560_0;  alias, 1 drivers
v0000026d2d96afb0_0 .net "i_Rx_Data", 0 0, v0000026d2d96a150_0;  alias, 1 drivers
v0000026d2d96ad30_0 .net "o_Rx_Byte", 7 0, L_0000026d2d96b660;  alias, 1 drivers
v0000026d2d96ab50_0 .net "o_Rx_Done", 0 0, L_0000026d2d912ba0;  alias, 1 drivers
v0000026d2d96a330_0 .var "r_Bit_Index", 2 0;
v0000026d2d96add0_0 .var "r_Clk_Count", 4 0;
v0000026d2d96a8d0_0 .var "r_Rx_Data", 7 0;
v0000026d2d96a790_0 .var "r_Rx_Done", 0 0;
v0000026d2d96a510_0 .var "r_State", 2 0;
v0000026d2d96a830_0 .net "reset_n", 0 0, o0000026d2d919058;  alias, 0 drivers
E_0000026d2d8eb8b0/0 .event negedge, v0000026d2d96ac90_0;
E_0000026d2d8eb8b0/1 .event posedge, v0000026d2d8c3560_0;
E_0000026d2d8eb8b0 .event/or E_0000026d2d8eb8b0/0, E_0000026d2d8eb8b0/1;
L_0000026d2d96b660 .functor MUXZ 8, L_0000026d2d9b0088, v0000026d2d96a8d0_0, v0000026d2d96a790_0, C4<>;
S_0000026d2d9114f0 .scope module, "uart_tx_inst" "uart_tx_controller" 2 40, 5 18 0, S_0000026d2d8f9630;
 .timescale 0 0;
    .port_info 0 /INPUT 1 "clk";
    .port_info 1 /INPUT 1 "reset_n";
    .port_info 2 /INPUT 8 "i_Tx_Byte";
    .port_info 3 /INPUT 1 "i_Tx_Ready";
    .port_info 4 /OUTPUT 1 "o_Tx_Done";
    .port_info 5 /OUTPUT 1 "o_Tx_Active";
    .port_info 6 /OUTPUT 1 "o_Tx_Data";
P_0000026d2d8a9d50 .param/l "UART_TX_DATA" 1 5 31, C4<010>;
P_0000026d2d8a9d88 .param/l "UART_TX_IDLE" 1 5 29, C4<000>;
P_0000026d2d8a9dc0 .param/l "UART_TX_START" 1 5 30, C4<001>;
P_0000026d2d8a9df8 .param/l "UART_TX_STOP" 1 5 32, C4<011>;
L_0000026d2d912d60 .functor BUFZ 1, v0000026d2d96a650_0, C4<0>, C4<0>, C4<0>;
L_0000026d2d913460 .functor BUFZ 1, v0000026d2d96a0b0_0, C4<0>, C4<0>, C4<0>;
v0000026d2d96a470_0 .net "clk", 0 0, v0000026d2d8c33c0_0;  alias, 1 drivers
v0000026d2d96aab0_0 .net "i_Tx_Byte", 7 0, o0000026d2d9193e8;  alias, 0 drivers
v0000026d2d96a290_0 .net "i_Tx_Ready", 0 0, o0000026d2d919418;  alias, 0 drivers
v0000026d2d96a3d0_0 .net "o_Tx_Active", 0 0, L_0000026d2d913460;  1 drivers
v0000026d2d96a6f0_0 .net "o_Tx_Data", 0 0, v0000026d2d96a150_0;  alias, 1 drivers
v0000026d2d96abf0_0 .net "o_Tx_Done", 0 0, L_0000026d2d912d60;  1 drivers
v0000026d2d96ae70_0 .var "r_Bit_Index", 2 0;
v0000026d2d96a5b0_0 .var "r_State", 2 0;
v0000026d2d96a0b0_0 .var "r_Tx_Active", 0 0;
v0000026d2d96a150_0 .var "r_Tx_Data", 0 0;
v0000026d2d96a650_0 .var "r_Tx_Done", 0 0;
v0000026d2d96c060_0 .net "reset_n", 0 0, o0000026d2d919058;  alias, 0 drivers
E_0000026d2d8eb170/0 .event negedge, v0000026d2d96ac90_0;
E_0000026d2d8eb170/1 .event posedge, v0000026d2d8c33c0_0;
E_0000026d2d8eb170 .event/or E_0000026d2d8eb170/0, E_0000026d2d8eb170/1;
    .scope S_0000026d2d8f97c0;
T_0 ;
    %pushi/vec4 0, 0, 11;
    %store/vec4 v0000026d2d96a1f0_0, 0, 11;
    %pushi/vec4 0, 0, 7;
    %store/vec4 v0000026d2d96af10_0, 0, 7;
    %end;
    .thread T_0;
    .scope S_0000026d2d8f97c0;
T_1 ;
    %wait E_0000026d2d8ead30;
    %load/vec4 v0000026d2d96ac90_0;
    %nor/r;
    %flag_set/vec4 8;
    %jmp/0xz  T_1.0, 8;
    %pushi/vec4 0, 0, 1;
    %assign/vec4 v0000026d2d8c33c0_0, 0;
    %pushi/vec4 0, 0, 11;
    %assign/vec4 v0000026d2d96a1f0_0, 0;
    %jmp T_1.1;
T_1.0 ;
    %load/vec4 v0000026d2d96a1f0_0;
    %pad/u 64;
    %cmpi/e 1301, 0, 64;
    %jmp/0xz  T_1.2, 4;
    %load/vec4 v0000026d2d8c33c0_0;
    %inv;
    %assign/vec4 v0000026d2d8c33c0_0, 0;
    %pushi/vec4 0, 0, 11;
    %assign/vec4 v0000026d2d96a1f0_0, 0;
    %jmp T_1.3;
T_1.2 ;
    %load/vec4 v0000026d2d96a1f0_0;
    %addi 1, 0, 11;
    %assign/vec4 v0000026d2d96a1f0_0, 0;
T_1.3 ;
T_1.1 ;
    %jmp T_1;
    .thread T_1;
    .scope S_0000026d2d8f97c0;
T_2 ;
    %wait E_0000026d2d8ead30;
    %load/vec4 v0000026d2d96ac90_0;
    %nor/r;
    %flag_set/vec4 8;
    %jmp/0xz  T_2.0, 8;
    %pushi/vec4 0, 0, 1;
    %assign/vec4 v0000026d2d8c3560_0, 0;
    %pushi/vec4 0, 0, 7;
    %assign/vec4 v0000026d2d96af10_0, 0;
    %jmp T_2.1;
T_2.0 ;
    %load/vec4 v0000026d2d96af10_0;
    %pad/u 96;
    %cmpi/e 80, 0, 96;
    %jmp/0xz  T_2.2, 4;
    %load/vec4 v0000026d2d8c3560_0;
    %inv;
    %assign/vec4 v0000026d2d8c3560_0, 0;
    %pushi/vec4 0, 0, 7;
    %assign/vec4 v0000026d2d96af10_0, 0;
    %jmp T_2.3;
T_2.2 ;
    %load/vec4 v0000026d2d96af10_0;
    %addi 1, 0, 7;
    %assign/vec4 v0000026d2d96af10_0, 0;
T_2.3 ;
T_2.1 ;
    %jmp T_2;
    .thread T_2;
    .scope S_0000026d2d9114f0;
T_3 ;
    %pushi/vec4 0, 0, 3;
    %store/vec4 v0000026d2d96a5b0_0, 0, 3;
    %pushi/vec4 0, 0, 3;
    %store/vec4 v0000026d2d96ae70_0, 0, 3;
    %pushi/vec4 1, 0, 1;
    %store/vec4 v0000026d2d96a150_0, 0, 1;
    %pushi/vec4 0, 0, 1;
    %store/vec4 v0000026d2d96a650_0, 0, 1;
    %pushi/vec4 0, 0, 1;
    %store/vec4 v0000026d2d96a0b0_0, 0, 1;
    %end;
    .thread T_3;
    .scope S_0000026d2d9114f0;
T_4 ;
    %wait E_0000026d2d8eb170;
    %load/vec4 v0000026d2d96c060_0;
    %nor/r;
    %flag_set/vec4 8;
    %jmp/0xz  T_4.0, 8;
    %pushi/vec4 0, 0, 3;
    %assign/vec4 v0000026d2d96a5b0_0, 0;
    %pushi/vec4 0, 0, 3;
    %assign/vec4 v0000026d2d96ae70_0, 0;
    %pushi/vec4 1, 0, 1;
    %assign/vec4 v0000026d2d96a150_0, 0;
    %pushi/vec4 0, 0, 1;
    %assign/vec4 v0000026d2d96a650_0, 0;
    %pushi/vec4 0, 0, 1;
    %assign/vec4 v0000026d2d96a0b0_0, 0;
    %jmp T_4.1;
T_4.0 ;
    %load/vec4 v0000026d2d96a5b0_0;
    %dup/vec4;
    %pushi/vec4 0, 0, 3;
    %cmp/u;
    %jmp/1 T_4.2, 6;
    %dup/vec4;
    %pushi/vec4 1, 0, 3;
    %cmp/u;
    %jmp/1 T_4.3, 6;
    %dup/vec4;
    %pushi/vec4 2, 0, 3;
    %cmp/u;
    %jmp/1 T_4.4, 6;
    %dup/vec4;
    %pushi/vec4 3, 0, 3;
    %cmp/u;
    %jmp/1 T_4.5, 6;
    %pushi/vec4 0, 0, 3;
    %assign/vec4 v0000026d2d96a5b0_0, 0;
    %jmp T_4.7;
T_4.2 ;
    %pushi/vec4 0, 0, 1;
    %assign/vec4 v0000026d2d96a650_0, 0;
    %pushi/vec4 1, 0, 1;
    %assign/vec4 v0000026d2d96a150_0, 0;
    %pushi/vec4 0, 0, 3;
    %assign/vec4 v0000026d2d96ae70_0, 0;
    %pushi/vec4 0, 0, 1;
    %assign/vec4 v0000026d2d96a0b0_0, 0;
    %load/vec4 v0000026d2d96a290_0;
    %flag_set/vec4 8;
    %jmp/0xz  T_4.8, 8;
    %pushi/vec4 1, 0, 3;
    %assign/vec4 v0000026d2d96a5b0_0, 0;
    %pushi/vec4 1, 0, 1;
    %assign/vec4 v0000026d2d96a0b0_0, 0;
T_4.8 ;
    %jmp T_4.7;
T_4.3 ;
    %pushi/vec4 0, 0, 1;
    %assign/vec4 v0000026d2d96a150_0, 0;
    %pushi/vec4 2, 0, 3;
    %assign/vec4 v0000026d2d96a5b0_0, 0;
    %jmp T_4.7;
T_4.4 ;
    %load/vec4 v0000026d2d96aab0_0;
    %load/vec4 v0000026d2d96ae70_0;
    %part/u 1;
    %assign/vec4 v0000026d2d96a150_0, 0;
    %load/vec4 v0000026d2d96ae70_0;
    %pad/u 32;
    %cmpi/u 7, 0, 32;
    %jmp/0xz  T_4.10, 5;
    %load/vec4 v0000026d2d96ae70_0;
    %addi 1, 0, 3;
    %assign/vec4 v0000026d2d96ae70_0, 0;
    %jmp T_4.11;
T_4.10 ;
    %pushi/vec4 0, 0, 3;
    %assign/vec4 v0000026d2d96ae70_0, 0;
    %pushi/vec4 3, 0, 3;
    %assign/vec4 v0000026d2d96a5b0_0, 0;
T_4.11 ;
    %jmp T_4.7;
T_4.5 ;
    %pushi/vec4 1, 0, 1;
    %assign/vec4 v0000026d2d96a150_0, 0;
    %pushi/vec4 1, 0, 1;
    %assign/vec4 v0000026d2d96a650_0, 0;
    %pushi/vec4 0, 0, 1;
    %assign/vec4 v0000026d2d96a0b0_0, 0;
    %pushi/vec4 0, 0, 3;
    %assign/vec4 v0000026d2d96a5b0_0, 0;
    %jmp T_4.7;
T_4.7 ;
    %pop/vec4 1;
T_4.1 ;
    %jmp T_4;
    .thread T_4;
    .scope S_0000026d2d911360;
T_5 ;
    %pushi/vec4 0, 0, 8;
    %store/vec4 v0000026d2d96a8d0_0, 0, 8;
    %pushi/vec4 0, 0, 3;
    %store/vec4 v0000026d2d96a330_0, 0, 3;
    %pushi/vec4 0, 0, 5;
    %store/vec4 v0000026d2d96add0_0, 0, 5;
    %pushi/vec4 0, 0, 1;
    %store/vec4 v0000026d2d96a790_0, 0, 1;
    %pushi/vec4 0, 0, 3;
    %store/vec4 v0000026d2d96a510_0, 0, 3;
    %end;
    .thread T_5;
    .scope S_0000026d2d911360;
T_6 ;
    %wait E_0000026d2d8eb8b0;
    %load/vec4 v0000026d2d96a830_0;
    %nor/r;
    %flag_set/vec4 8;
    %jmp/0xz  T_6.0, 8;
    %pushi/vec4 0, 0, 3;
    %assign/vec4 v0000026d2d96a510_0, 0;
    %pushi/vec4 0, 0, 3;
    %assign/vec4 v0000026d2d96a330_0, 0;
    %pushi/vec4 0, 0, 5;
    %assign/vec4 v0000026d2d96add0_0, 0;
    %pushi/vec4 0, 0, 1;
    %assign/vec4 v0000026d2d96a790_0, 0;
    %pushi/vec4 0, 0, 8;
    %assign/vec4 v0000026d2d96a8d0_0, 0;
    %jmp T_6.1;
T_6.0 ;
    %load/vec4 v0000026d2d96a510_0;
    %dup/vec4;
    %pushi/vec4 0, 0, 3;
    %cmp/u;
    %jmp/1 T_6.2, 6;
    %dup/vec4;
    %pushi/vec4 1, 0, 3;
    %cmp/u;
    %jmp/1 T_6.3, 6;
    %dup/vec4;
    %pushi/vec4 2, 0, 3;
    %cmp/u;
    %jmp/1 T_6.4, 6;
    %dup/vec4;
    %pushi/vec4 3, 0, 3;
    %cmp/u;
    %jmp/1 T_6.5, 6;
    %pushi/vec4 0, 0, 3;
    %assign/vec4 v0000026d2d96a510_0, 0;
    %jmp T_6.7;
T_6.2 ;
    %pushi/vec4 0, 0, 1;
    %assign/vec4 v0000026d2d96a790_0, 0;
    %pushi/vec4 0, 0, 5;
    %assign/vec4 v0000026d2d96add0_0, 0;
    %pushi/vec4 0, 0, 3;
    %assign/vec4 v0000026d2d96a330_0, 0;
    %load/vec4 v0000026d2d96afb0_0;
    %cmpi/e 0, 0, 1;
    %jmp/0xz  T_6.8, 4;
    %pushi/vec4 1, 0, 3;
    %assign/vec4 v0000026d2d96a510_0, 0;
T_6.8 ;
    %jmp T_6.7;
T_6.3 ;
    %load/vec4 v0000026d2d96add0_0;
    %pad/u 32;
    %cmpi/e 8, 0, 32;
    %jmp/0xz  T_6.10, 4;
    %load/vec4 v0000026d2d96afb0_0;
    %cmpi/e 0, 0, 1;
    %jmp/0xz  T_6.12, 4;
    %pushi/vec4 0, 0, 5;
    %assign/vec4 v0000026d2d96add0_0, 0;
    %pushi/vec4 2, 0, 3;
    %assign/vec4 v0000026d2d96a510_0, 0;
    %jmp T_6.13;
T_6.12 ;
    %pushi/vec4 0, 0, 3;
    %assign/vec4 v0000026d2d96a510_0, 0;
T_6.13 ;
    %jmp T_6.11;
T_6.10 ;
    %load/vec4 v0000026d2d96add0_0;
    %addi 1, 0, 5;
    %assign/vec4 v0000026d2d96add0_0, 0;
T_6.11 ;
    %jmp T_6.7;
T_6.4 ;
    %load/vec4 v0000026d2d96add0_0;
    %pad/u 32;
    %cmpi/u 15, 0, 32;
    %jmp/0xz  T_6.14, 5;
    %load/vec4 v0000026d2d96add0_0;
    %addi 1, 0, 5;
    %assign/vec4 v0000026d2d96add0_0, 0;
    %jmp T_6.15;
T_6.14 ;
    %pushi/vec4 0, 0, 5;
    %assign/vec4 v0000026d2d96add0_0, 0;
    %load/vec4 v0000026d2d96afb0_0;
    %ix/load 5, 0, 0;
    %ix/getv 4, v0000026d2d96a330_0;
    %assign/vec4/off/d v0000026d2d96a8d0_0, 4, 5;
    %load/vec4 v0000026d2d96a330_0;
    %pad/u 32;
    %cmpi/u 7, 0, 32;
    %jmp/0xz  T_6.16, 5;
    %load/vec4 v0000026d2d96a330_0;
    %addi 1, 0, 3;
    %assign/vec4 v0000026d2d96a330_0, 0;
    %pushi/vec4 2, 0, 3;
    %assign/vec4 v0000026d2d96a510_0, 0;
    %jmp T_6.17;
T_6.16 ;
    %pushi/vec4 0, 0, 3;
    %assign/vec4 v0000026d2d96a330_0, 0;
    %pushi/vec4 3, 0, 3;
    %assign/vec4 v0000026d2d96a510_0, 0;
T_6.17 ;
T_6.15 ;
    %jmp T_6.7;
T_6.5 ;
    %load/vec4 v0000026d2d96add0_0;
    %pad/u 32;
    %cmpi/u 15, 0, 32;
    %jmp/0xz  T_6.18, 5;
    %load/vec4 v0000026d2d96add0_0;
    %addi 1, 0, 5;
    %assign/vec4 v0000026d2d96add0_0, 0;
    %jmp T_6.19;
T_6.18 ;
    %pushi/vec4 0, 0, 3;
    %assign/vec4 v0000026d2d96a510_0, 0;
    %pushi/vec4 0, 0, 5;
    %assign/vec4 v0000026d2d96add0_0, 0;
    %pushi/vec4 1, 0, 1;
    %assign/vec4 v0000026d2d96a790_0, 0;
T_6.19 ;
    %jmp T_6.7;
T_6.7 ;
    %pop/vec4 1;
T_6.1 ;
    %jmp T_6;
    .thread T_6;
# The file index is used to find the file name in the following table.
:file_names 6;
    "N/A";
    "<interactive>";
    "uart_controller.v";
    "./baudRateGenerator.v";
    "./uart_rx_controller.v";
    "./uart_tx_controller.v";
